<?xml version="1.0" encoding="UTF-8"?>
<Site BuildName="Linux-x86_64-linux-gnu-g++-9"
	BuildStamp="20220315-2154-Experimental"
	Name="DESKTOP-2VSQVVL"
	Generator="ctest-3.16.3"
	CompilerName="/bin/x86_64-linux-gnu-g++-9"
	CompilerVersion="9.3.0"
	OSName="Linux"
	Hostname="DESKTOP-2VSQVVL"
	OSRelease="5.10.16.3-microsoft-standard-WSL2"
	OSVersion="#1 SMP Fri Apr 2 22:23:49 UTC 2021"
	OSPlatform="x86_64"
	Is64Bits="1"
	VendorString="GenuineIntel"
	VendorID="Intel Corporation"
	FamilyID="6"
	ModelID="158"
	ProcessorCacheSize="3072"
	NumberOfLogicalCPU="4"
	NumberOfPhysicalCPU="2"
	TotalVirtualMemory="2048"
	TotalPhysicalMemory="6315"
	LogicalProcessorsPerPhysical="2"
	ProcessorClockFrequency="3912"
	>
	<Testing>
		<StartDateTime>Mar 15 15:54 CST</StartDateTime>
		<StartTestTime>1647381254</StartTestTime>
		<TestList/>
		<EndDateTime>Mar 15 15:54 CST</EndDateTime>
		<EndTestTime>1647381254</EndTestTime>
		<ElapsedMinutes>0</ElapsedMinutes>
	</Testing>
</Site>
